<?xml version="1.0" encoding="UTF-8"?>
<!-- Generated by org.testng.reporters.JUnitXMLReporter -->
<testsuite hostname="USBLRSUVISHWA9" ignored="0" name="Default test" tests="24" failures="0" timestamp="01 Jan 2020 18:25:36 GMT" time="19.973" errors="0">
  <testcase name="ValidateContentType" time="0.027" classname="ApiValidation.UserListValidations"/>
  <testcase name="ValidateContentofNestedJSON" time="0.041" classname="ApiValidation.UserListValidations"/>
  <testcase name="ValidateHeaderAuthentication" time="0.001" classname="ApiValidation.UserListValidations"/>
  <testcase name="ValidateHeaderexpiry" time="0.002" classname="ApiValidation.UserListValidations"/>
  <testcase name="ValidateIdforSamantha" time="0.001" classname="ApiValidation.UserListValidations"/>
  <testcase name="ValidateJSONParsing" time="0.0" classname="ApiValidation.UserListValidations"/>
  <testcase name="ValidateResponseBodyForSamanthaUser" time="0.136" classname="ApiValidation.UserListValidations"/>
  <testcase name="ValidateSizeofList" time="0.002" classname="ApiValidation.UserListValidations"/>
  <testcase name="ValidateStatusCodeforListofUsers" time="0.002" classname="ApiValidation.UserListValidations"/>
  <testcase name="ValidateContentType" time="0.004" classname="ApiValidation.CommentsValidations"/>
  <testcase name="ValidateEmailFormatforSamantha" time="19.502" classname="ApiValidation.CommentsValidations"/>
  <testcase name="ValidateHeaderAuthentication" time="0.001" classname="ApiValidation.CommentsValidations"/>
  <testcase name="ValidateHeaderexpiry" time="0.0" classname="ApiValidation.CommentsValidations"/>
  <testcase name="ValidateInvalidEmailFormat" time="0.002" classname="ApiValidation.CommentsValidations"/>
  <testcase name="ValidateStatusCodeforPosts" time="0.0" classname="ApiValidation.CommentsValidations"/>
  <testcase name="ValidateContentType" time="0.0" classname="ApiValidation.PostsValidations"/>
  <testcase name="ValidateContentforUserID" time="0.001" classname="ApiValidation.PostsValidations"/>
  <testcase name="ValidateHeaderAuthentication" time="0.0" classname="ApiValidation.PostsValidations"/>
  <testcase name="ValidateHeaderexpiry" time="0.0" classname="ApiValidation.PostsValidations"/>
  <testcase name="ValidateJSONParsing" time="0.001" classname="ApiValidation.PostsValidations"/>
  <testcase name="ValidateReponseStructureofPost" time="0.019" classname="ApiValidation.PostsValidations"/>
  <testcase name="ValidateSizeofList" time="0.001" classname="ApiValidation.PostsValidations"/>
  <testcase name="ValidateStatusCodeforPosts" time="0.001" classname="ApiValidation.PostsValidations"/>
  <testcase name="ValidatepostIdforSamantha" time="0.08" classname="ApiValidation.PostsValidations"/>
</testsuite> <!-- Default test -->
